                              1 ;--------------------------------------------------------
                              2 ; File Created by SDCC : free open source ANSI-C Compiler
                              3 ; Version 3.8.0 #10562 (Linux)
                              4 ;--------------------------------------------------------
                              5 	.module _tmp_lcc137861
                              6 	.optsdcc -mgbz80
                              7 	
                              8 ;--------------------------------------------------------
                              9 ; Public variables in this module
                             10 ;--------------------------------------------------------
                             11 	.globl _main
                             12 	.globl _printf
                             13 ;--------------------------------------------------------
                             14 ; special function registers
                             15 ;--------------------------------------------------------
                             16 ;--------------------------------------------------------
                             17 ; ram data
                             18 ;--------------------------------------------------------
                             19 	.area _DATA
                             20 ;--------------------------------------------------------
                             21 ; absolute external ram data
                             22 ;--------------------------------------------------------
                             23 	.area _DABS (ABS)
                             24 ;--------------------------------------------------------
                             25 ; global & static initialisations
                             26 ;--------------------------------------------------------
                             27 	.area _HOME
                             28 	.area _GSINIT
                             29 	.area _GSFINAL
                             30 	.area _GSINIT
                             31 ;--------------------------------------------------------
                             32 ; Home
                             33 ;--------------------------------------------------------
                             34 	.area _HOME
                             35 	.area _HOME
                             36 ;--------------------------------------------------------
                             37 ; code
                             38 ;--------------------------------------------------------
                             39 	.area _CODE
                             40 ;src/hello_world.c:3: void main() {
                             41 ;	---------------------------------
                             42 ; Function main
                             43 ; ---------------------------------
   0000                      44 _main::
                             45 ;src/hello_world.c:4: printf("Hello World!");
   0000 21r13r00             46 	ld	hl, #___str_0
   0003 E5                   47 	push	hl
   0004 CDr00r00             48 	call	_printf
   0007 E8 02                49 	add	sp, #2
                             50 ;src/hello_world.c:5: printf("\n\nPress Start");
   0009 21r20r00             51 	ld	hl, #___str_1
   000C E5                   52 	push	hl
   000D CDr00r00             53 	call	_printf
   0010 E8 02                54 	add	sp, #2
                             55 ;src/hello_world.c:6: }
   0012 C9                   56 	ret
   0013                      57 ___str_0:
   0013 48 65 6C 6C 6F 20    58 	.ascii "Hello World!"
        57 6F 72 6C 64 21
   001F 00                   59 	.db 0x00
   0020                      60 ___str_1:
   0020 0A                   61 	.db 0x0a
   0021 0A                   62 	.db 0x0a
   0022 50 72 65 73 73 20    63 	.ascii "Press Start"
        53 74 61 72 74
   002D 00                   64 	.db 0x00
                             65 	.area _CODE
                             66 	.area _CABS (ABS)
